<?xml version="1.0" encoding="UTF-8"?>
<testng-results ignored="0" total="1" passed="1" failed="0" skipped="0">
  <reporter-output>
  </reporter-output>
  <suite started-at="2023-02-22T03:01:34 IST" name="Default suite" finished-at="2023-02-22T03:01:52 IST" duration-ms="18104">
    <groups>
    </groups>
    <test started-at="2023-02-22T03:01:34 IST" name="Default test" finished-at="2023-02-22T03:01:52 IST" duration-ms="18104">
      <class name="Home_module1.FB_Testclass">
        <test-method is-config="true" signature="openbrowser()[pri:0, instance:Home_module1.FB_Testclass@4f6ee6e4]" started-at="2023-02-22T03:01:34 IST" name="openbrowser" finished-at="2023-02-22T03:01:42 IST" duration-ms="8157" status="PASS">
          <reporter-output>
          </reporter-output>
        </test-method> <!-- openbrowser -->
        <test-method is-config="true" signature="LogineApp()[pri:0, instance:Home_module1.FB_Testclass@4f6ee6e4]" started-at="2023-02-22T03:01:42 IST" name="LogineApp" finished-at="2023-02-22T03:01:47 IST" duration-ms="5556" status="PASS">
          <reporter-output>
          </reporter-output>
        </test-method> <!-- LogineApp -->
        <test-method signature="VerifyEmail()[pri:0, instance:Home_module1.FB_Testclass@4f6ee6e4]" started-at="2023-02-22T03:01:47 IST" name="VerifyEmail" finished-at="2023-02-22T03:01:49 IST" duration-ms="1760" status="PASS">
          <reporter-output>
          </reporter-output>
        </test-method> <!-- VerifyEmail -->
        <test-method is-config="true" signature="LogoutfromApp(org.testng.ITestResult)[pri:0, instance:Home_module1.FB_Testclass@4f6ee6e4]" started-at="2023-02-22T03:01:49 IST" name="LogoutfromApp" finished-at="2023-02-22T03:01:51 IST" duration-ms="2203" status="PASS">
          <params>
            <param index="0">
              <value>
                <![CDATA[[TestResult name=VerifyEmail status=SUCCESS method=FB_Testclass.VerifyEmail()[pri:0, instance:Home_module1.FB_Testclass@4f6ee6e4] output={null}]]]>
              </value>
            </param>
          </params>
          <reporter-output>
          </reporter-output>
        </test-method> <!-- LogoutfromApp -->
        <test-method is-config="true" signature="Closebrowser()[pri:0, instance:Home_module1.FB_Testclass@4f6ee6e4]" started-at="2023-02-22T03:01:51 IST" name="Closebrowser" finished-at="2023-02-22T03:01:52 IST" duration-ms="356" status="PASS">
          <reporter-output>
          </reporter-output>
        </test-method> <!-- Closebrowser -->
      </class> <!-- Home_module1.FB_Testclass -->
    </test> <!-- Default test -->
  </suite> <!-- Default suite -->
</testng-results>
